<?xml version="1.0" encoding="UTF-8"?>
<!-- Generated by org.testng.reporters.JUnitReportReporter -->
<testsuite hostname="CyanDellPrecisionM4800" failures="0" tests="1" name="com.careerhack.testrunner.TestRunnner" time="23.362" errors="0" timestamp="24 Mar 2020 19:56:55 GMT" skipped="0">
  <testcase classname="com.careerhack.testrunner.TestRunnner" name="feature" time="23.362"/>
</testsuite> <!-- com.careerhack.testrunner.TestRunnner -->
